#
# A fatal error has been detected by the Java Runtime Environment:
#
#  SIGSEGV (0xb) at pc=0x000000010981f83f, pid=14763, tid=26383
#
# JRE version: Java(TM) SE Runtime Environment (8.0_60-b27) (build 1.8.0_60-b27)
# Java VM: Java HotSpot(TM) 64-Bit Server VM (25.60-b23 mixed mode bsd-amd64 compressed oops)
# Problematic frame:
# J 3095 C1 org.apache.lucene.util.packed.BulkOperation.of(Lorg/apache/lucene/util/packed/PackedInts$Format;I)Lorg/apache/lucene/util/packed/BulkOperation; (108 bytes) @ 0x000000010981f83f [0x000000010981f820+0x1f]
#
# Failed to write core dump. Core dumps have been disabled. To enable core dumping, try "ulimit -c unlimited" before starting Java again
#
# If you would like to submit a bug report, please visit:
#   http://bugreport.java.com/bugreport/crash.jsp
#

---------------  T H R E A D  ---------------

Current thread (0x00007fe57c58e000):  JavaThread "AWT-EventQueue-0" [_thread_in_Java, id=26383, stack(0x0000700001359000,0x0000700001459000)]

siginfo: si_signo: 11 (SIGSEGV), si_code: 1 (SEGV_MAPERR), si_addr: 0x00000000000000e5

Registers:
RAX=0x0000000000000009, RBX=0x00000001885ca358, RCX=0x00000001885c9178, RDX=0x0000000000000001
RSP=0x0000700001455bf0, RBP=0x0000700001455c98, RSI=0x00000007b2671810, RDI=0x0000000000000208
R8 =0x00000001088c6c00, R9 =0x0000000000000000, R10=0x00000001088dffc0, R11=0x000000010981f820
R12=0x0000000000000000, R13=0x0000700001455c48, R14=0x0000700001455cb8, R15=0x00007fe57c58e000
RIP=0x000000010981f83f, EFLAGS=0x0000000000010206, ERR=0x0000000000000006
  TRAPNO=0x000000000000000e

Top of Stack: (sp=0x0000700001455bf0)
0x0000700001455bf0:   0000000188aeeb68 0000000000000002
0x0000700001455c00:   0000000188aed9f0 0000000000000000
0x0000700001455c10:   0000700001455c28 0000700001455c88
0x0000700001455c20:   0000000108f90760 0000000000000001
0x0000700001455c30:   0000700001455c98 0000000108f909d0
0x0000700001455c40:   0000000108f909d0 0000000000000001
0x0000700001455c50:   00000007b2671810 0000700001455c58
0x0000700001455c60:   0000000188af04be 0000700001455cb8
0x0000700001455c70:   00000001885c9178 0000000000000000
0x0000700001455c80:   0000000188af04f0 0000700001455c48
0x0000700001455c90:   0000700001455ca8 0000700001455d10
0x0000700001455ca0:   0000000108f909d0 0000000000000001
0x0000700001455cb0:   0000000000000002 00000007b2671810
0x0000700001455cc0:   0000000000000001 00000007b2dd2728
0x0000700001455cd0:   0000700001455cd0 0000000188aebf73
0x0000700001455ce0:   0000700001455d58 0000000188aec978
0x0000700001455cf0:   0000000000000000 0000000188aec020
0x0000700001455d00:   0000700001455ca8 0000700001455d50
0x0000700001455d10:   0000700001455db0 0000000108f90c4d
0x0000700001455d20:   00000007b2671810 0000000000000001
0x0000700001455d30:   0000000000000001 0000000000000020
0x0000700001455d40:   0000000000000001 0000000000000002
0x0000700001455d50:   00000007b2dd2418 00000007b2dd2670
0x0000700001455d60:   00000007b2dd2670 00000007b2dd1fb0
0x0000700001455d70:   0000700001455d70 0000000188a770eb
0x0000700001455d80:   0000700001455e08 0000000188aea8b0
0x0000700001455d90:   0000000000000000 0000000188a77290
0x0000700001455da0:   0000700001455d50 0000700001455e00
0x0000700001455db0:   0000700001455e58 0000000108f90c4d
0x0000700001455dc0:   0000000000000000 0000000000000000
0x0000700001455dd0:   0000000000000000 00000007b2dd2020
0x0000700001455de0:   0000000000000000 0000000000000000 

Instructions: (pc=0x000000010981f83f)
0x000000010981f81f:   00 89 84 24 00 c0 fe ff 55 48 83 ec 40 48 b8 c0
0x000000010981f82f:   b1 6c 88 01 00 00 00 8b 80 dc 00 00 00 83 c0 08
0x000000010981f83f:   89 80 dc 00 00 00 48 b8 58 a3 5c 88 01 00 00 00
0x000000010981f84f:   81 e0 f8 1f 00 00 83 f8 00 0f 84 b3 01 00 00 48 

Register to memory mapping:

RAX=0x0000000000000009 is an unknown value
RBX={method} {0x00000001885ca358} 'of' '(Lorg/apache/lucene/util/packed/PackedInts$Format;I)Lorg/apache/lucene/util/packed/BulkOperation;' in 'org/apache/lucene/util/packed/BulkOperation'
RCX=0x00000001885c9178 is pointing into metadata
RDX=0x0000000000000001 is an unknown value
RSP=0x0000700001455bf0 is pointing into the stack for thread: 0x00007fe57c58e000
RBP=0x0000700001455c98 is pointing into the stack for thread: 0x00007fe57c58e000
RSI=0x00000007b2671810 is an oop
org.apache.lucene.util.packed.PackedInts$Format$2 
 - klass: 'org/apache/lucene/util/packed/PackedInts$Format$2'
RDI=0x0000000000000208 is an unknown value
R8 =0x00000001088c6c00: _ZTV13ObjArrayKlass+0x10 in /Library/Java/JavaVirtualMachines/jdk1.8.0_60.jdk/Contents/Home/jre/lib/server/libjvm.dylib at 0x0000000108000000
R9 =0x0000000000000000 is an unknown value
R10=0x00000001088dffc0: _ZN19TemplateInterpreter20_invoke_return_entryE+0 in /Library/Java/JavaVirtualMachines/jdk1.8.0_60.jdk/Contents/Home/jre/lib/server/libjvm.dylib at 0x0000000108000000
R11=0x000000010981f820 is at entry_point+0 in (nmethod*)0x000000010981f690
R12=0x0000000000000000 is an unknown value
R13=0x0000700001455c48 is pointing into the stack for thread: 0x00007fe57c58e000
R14=0x0000700001455cb8 is pointing into the stack for thread: 0x00007fe57c58e000
R15=0x00007fe57c58e000 is a thread


Stack: [0x0000700001359000,0x0000700001459000],  sp=0x0000700001455bf0,  free space=1010k
Native frames: (J=compiled Java code, j=interpreted, Vv=VM code, C=native code)
J 3095 C1 org.apache.lucene.util.packed.BulkOperation.of(Lorg/apache/lucene/util/packed/PackedInts$Format;I)Lorg/apache/lucene/util/packed/BulkOperation; (108 bytes) @ 0x000000010981f83f [0x000000010981f820+0x1f]
j  org.apache.lucene.util.packed.PackedInts.getEncoder(Lorg/apache/lucene/util/packed/PackedInts$Format;II)Lorg/apache/lucene/util/packed/PackedInts$Encoder;+6
j  org.apache.lucene.codecs.lucene50.ForUtil.<init>(Lorg/apache/lucene/store/DataInput;)V+131
j  org.apache.lucene.codecs.lucene50.Lucene50PostingsReader.<init>(Lorg/apache/lucene/index/SegmentReadState;)V+75
j  org.apache.lucene.codecs.lucene50.Lucene50PostingsFormat.fieldsProducer(Lorg/apache/lucene/index/SegmentReadState;)Lorg/apache/lucene/codecs/FieldsProducer;+5
j  org.apache.lucene.codecs.perfield.PerFieldPostingsFormat$FieldsReader.<init>(Lorg/apache/lucene/index/SegmentReadState;)V+191
j  org.apache.lucene.codecs.perfield.PerFieldPostingsFormat.fieldsProducer(Lorg/apache/lucene/index/SegmentReadState;)Lorg/apache/lucene/codecs/FieldsProducer;+5
j  org.apache.lucene.index.SegmentCoreReaders.<init>(Lorg/apache/lucene/index/SegmentReader;Lorg/apache/lucene/store/Directory;Lorg/apache/lucene/index/SegmentCommitInfo;Lorg/apache/lucene/store/IOContext;)V+164
j  org.apache.lucene.index.SegmentReader.<init>(Lorg/apache/lucene/index/SegmentCommitInfo;Lorg/apache/lucene/store/IOContext;)V+24
j  org.apache.lucene.index.StandardDirectoryReader$1.doBody(Ljava/lang/String;)Lorg/apache/lucene/index/DirectoryReader;+49
j  org.apache.lucene.index.StandardDirectoryReader$1.doBody(Ljava/lang/String;)Ljava/lang/Object;+2
j  org.apache.lucene.index.SegmentInfos$FindSegmentsFile.run(Lorg/apache/lucene/index/IndexCommit;)Ljava/lang/Object;+199
j  org.apache.lucene.index.StandardDirectoryReader.open(Lorg/apache/lucene/store/Directory;Lorg/apache/lucene/index/IndexCommit;)Lorg/apache/lucene/index/DirectoryReader;+9
j  org.apache.lucene.index.DirectoryReader.open(Lorg/apache/lucene/store/Directory;)Lorg/apache/lucene/index/DirectoryReader;+2
j  search.Search.searcher(Ljava/lang/String;Ljava/lang/String;)V+34
j  search.Search.searchForQuery(Ljava/lang/String;)Lsearch/SearchResults;+37
j  controller.RunListener.actionPerformed(Ljava/awt/event/ActionEvent;)V+140
j  javax.swing.AbstractButton.fireActionPerformed(Ljava/awt/event/ActionEvent;)V+83
j  javax.swing.AbstractButton$Handler.actionPerformed(Ljava/awt/event/ActionEvent;)V+5
j  javax.swing.DefaultButtonModel.fireActionPerformed(Ljava/awt/event/ActionEvent;)V+34
j  javax.swing.DefaultButtonModel.setPressed(Z)V+117
j  javax.swing.plaf.basic.BasicButtonListener.mouseReleased(Ljava/awt/event/MouseEvent;)V+35
j  java.awt.Component.processMouseEvent(Ljava/awt/event/MouseEvent;)V+64
j  javax.swing.JComponent.processMouseEvent(Ljava/awt/event/MouseEvent;)V+23
j  java.awt.Component.processEvent(Ljava/awt/AWTEvent;)V+81
j  java.awt.Container.processEvent(Ljava/awt/AWTEvent;)V+18
J 2809 C1 java.awt.Component.dispatchEventImpl(Ljava/awt/AWTEvent;)V (883 bytes) @ 0x0000000109740a3c [0x000000010973b500+0x553c]
J 2054 C1 java.awt.Container.dispatchEventImpl(Ljava/awt/AWTEvent;)V (129 bytes) @ 0x00000001093a93ec [0x00000001093a92a0+0x14c]
j  java.awt.Component.dispatchEvent(Ljava/awt/AWTEvent;)V+2
j  java.awt.LightweightDispatcher.retargetMouseEvent(Ljava/awt/Component;ILjava/awt/event/MouseEvent;)V+327
j  java.awt.LightweightDispatcher.processMouseEvent(Ljava/awt/event/MouseEvent;)Z+155
J 2856 C1 java.awt.LightweightDispatcher.dispatchEvent(Ljava/awt/AWTEvent;)Z (73 bytes) @ 0x0000000109766c34 [0x0000000109766800+0x434]
J 2054 C1 java.awt.Container.dispatchEventImpl(Ljava/awt/AWTEvent;)V (129 bytes) @ 0x00000001093a938c [0x00000001093a92a0+0xec]
J 2836 C1 java.awt.Window.dispatchEventImpl(Ljava/awt/AWTEvent;)V (23 bytes) @ 0x000000010975434c [0x0000000109753d60+0x5ec]
J 2043 C1 java.awt.EventQueue.dispatchEventImpl(Ljava/awt/AWTEvent;Ljava/lang/Object;)V (149 bytes) @ 0x00000001091917e4 [0x000000010918ff80+0x1864]
J 2041 C1 java.awt.EventQueue$3.run()Ljava/lang/Void; (60 bytes) @ 0x0000000109625994 [0x0000000109625780+0x214]
J 2040 C1 java.awt.EventQueue$3.run()Ljava/lang/Object; (5 bytes) @ 0x000000010914ad4c [0x000000010914acc0+0x8c]
v  ~StubRoutines::call_stub
V  [libjvm.dylib+0x2eab0e]
V  [libjvm.dylib+0x34afd8]
J 877  java.security.AccessController.doPrivileged(Ljava/security/PrivilegedAction;Ljava/security/AccessControlContext;)Ljava/lang/Object; (0 bytes) @ 0x0000000109321195 [0x00000001093210c0+0xd5]
J 1882 C1 java.awt.EventQueue$4.run()Ljava/lang/Object; (5 bytes) @ 0x000000010915152c [0x0000000109151100+0x42c]
v  ~StubRoutines::call_stub
V  [libjvm.dylib+0x2eab0e]
V  [libjvm.dylib+0x34afd8]
J 877  java.security.AccessController.doPrivileged(Ljava/security/PrivilegedAction;Ljava/security/AccessControlContext;)Ljava/lang/Object; (0 bytes) @ 0x0000000109321195 [0x00000001093210c0+0xd5]
J 1872 C1 java.awt.EventQueue.dispatchEvent(Ljava/awt/AWTEvent;)V (80 bytes) @ 0x00000001095eadf4 [0x00000001095e9f40+0xeb4]
J 1874 C1 java.awt.EventDispatchThread.pumpOneEventForFilters(I)V (295 bytes) @ 0x00000001094d854c [0x00000001094d69c0+0x1b8c]
j  java.awt.EventDispatchThread.pumpEventsForFilter(ILjava/awt/Conditional;Ljava/awt/EventFilter;)V+35
j  java.awt.EventDispatchThread.pumpEventsForHierarchy(ILjava/awt/Conditional;Ljava/awt/Component;)V+11
j  java.awt.EventDispatchThread.pumpEvents(ILjava/awt/Conditional;)V+4
j  java.awt.EventDispatchThread.pumpEvents(Ljava/awt/Conditional;)V+3
j  java.awt.EventDispatchThread.run()V+9
v  ~StubRoutines::call_stub
V  [libjvm.dylib+0x2eab0e]
V  [libjvm.dylib+0x2eb29c]
V  [libjvm.dylib+0x2eb448]
V  [libjvm.dylib+0x345965]
V  [libjvm.dylib+0x5612d3]
V  [libjvm.dylib+0x5629ce]
V  [libjvm.dylib+0x48343a]
C  [libsystem_pthread.dylib+0x39b1]  _pthread_body+0x83
C  [libsystem_pthread.dylib+0x392e]  _pthread_body+0x0
C  [libsystem_pthread.dylib+0x1385]  thread_start+0xd
C  0x0000000000000000


---------------  P R O C E S S  ---------------

Java Threads: ( => current thread )
  0x00007fe57c1ee800 JavaThread "TimerQueue" daemon [_thread_blocked, id=38371, stack(0x000070000104a000,0x000070000114a000)]
  0x00007fe57c1ed000 JavaThread "Java2D Disposer" daemon [_thread_blocked, id=54279, stack(0x000070000155f000,0x000070000165f000)]
  0x00007fe57d7a3000 JavaThread "Java2D Queue Flusher" daemon [_thread_blocked, id=50951, stack(0x000070000145c000,0x000070000155c000)]
  0x00007fe57c800000 JavaThread "DestroyJavaVM" [_thread_blocked, id=5891, stack(0x000070000011a000,0x000070000021a000)]
=>0x00007fe57c58e000 JavaThread "AWT-EventQueue-0" [_thread_in_Java, id=26383, stack(0x0000700001359000,0x0000700001459000)]
  0x00007fe57d964000 JavaThread "AWT-Shutdown" [_thread_blocked, id=28459, stack(0x00007000011d3000,0x00007000012d3000)]
  0x00007fe57c54e800 JavaThread "AppKit Thread" daemon [_thread_in_native, id=2571, stack(0x00007fff57f17000,0x00007fff58717000)]
  0x00007fe57c059800 JavaThread "Service Thread" daemon [_thread_blocked, id=18691, stack(0x0000700000e44000,0x0000700000f44000)]
  0x00007fe57d025000 JavaThread "C1 CompilerThread2" daemon [_thread_blocked, id=18179, stack(0x0000700000d41000,0x0000700000e41000)]
  0x00007fe57d024800 JavaThread "C2 CompilerThread1" daemon [_thread_blocked, id=17667, stack(0x0000700000c3e000,0x0000700000d3e000)]
  0x00007fe57c059000 JavaThread "C2 CompilerThread0" daemon [_thread_blocked, id=17155, stack(0x0000700000b3b000,0x0000700000c3b000)]
  0x00007fe57d039800 JavaThread "Signal Dispatcher" daemon [_thread_blocked, id=14095, stack(0x0000700000a38000,0x0000700000b38000)]
  0x00007fe57d01c000 JavaThread "Finalizer" daemon [_thread_blocked, id=12291, stack(0x000070000082f000,0x000070000092f000)]
  0x00007fe57d01b000 JavaThread "Reference Handler" daemon [_thread_blocked, id=11779, stack(0x000070000072c000,0x000070000082c000)]

Other Threads:
  0x00007fe57d018800 VMThread [stack: 0x0000700000629000,0x0000700000729000] [id=11267]
  0x00007fe57d03a800 WatcherThread [stack: 0x0000700000f47000,0x0000700001047000] [id=19203]

VM state:not at safepoint (normal execution)

VM Mutex/Monitor currently owned by a thread: None

Heap:
 PSYoungGen      total 306176K, used 156206K [0x00000007aab00000, 0x00000007c0000000, 0x00000007c0000000)
  eden space 263168K, 52% used [0x00000007aab00000,0x00000007b32df420,0x00000007bac00000)
  from space 43008K, 39% used [0x00000007bac00000,0x00000007bbcac438,0x00000007bd600000)
  to   space 42496K, 0% used [0x00000007bd680000,0x00000007bd680000,0x00000007c0000000)
 ParOldGen       total 174592K, used 116723K [0x0000000780000000, 0x000000078aa80000, 0x00000007aab00000)
  object space 174592K, 66% used [0x0000000780000000,0x00000007871fcdb0,0x000000078aa80000)
 Metaspace       used 17152K, capacity 17378K, committed 17792K, reserved 1064960K
  class space    used 1992K, capacity 2070K, committed 2176K, reserved 1048576K

Card table byte_map: [0x0000000118349000,0x000000011854a000] byte_map_base: 0x0000000114749000

Marking Bits: (ParMarkBitMap*) 0x00000001088dee20
 Begin Bits: [0x00000001186a0000, 0x00000001196a0000)
 End Bits:   [0x00000001196a0000, 0x000000011a6a0000)

Polling page: 0x00000001077ac000

CodeCache: size=245760Kb used=8766Kb max_used=8766Kb free=236993Kb
 bounds [0x0000000108f89000, 0x0000000109829000, 0x0000000117f89000]
 total_blobs=3198 nmethods=2640 adapters=470
 compilation: enabled

Compilation events (10 events):
Event: 55.126 Thread 0x00007fe57d025000 3097       3       java.nio.DirectByteBuffer::get (123 bytes)
Event: 55.127 Thread 0x00007fe57d025000 nmethod 3097 0x000000010981fdd0 code [0x000000010981ffa0, 0x0000000109820728]
Event: 55.127 Thread 0x00007fe57d025000 3098       3       java.util.TreeMap::parentOf (13 bytes)
Event: 55.127 Thread 0x00007fe57d025000 nmethod 3098 0x0000000109817f10 code [0x0000000109818080, 0x0000000109818230]
Event: 55.127 Thread 0x00007fe57d025000 3099       3       org.apache.lucene.store.DataInput::readInt (45 bytes)
Event: 55.128 Thread 0x00007fe57d025000 nmethod 3099 0x0000000109820a50 code [0x0000000109820be0, 0x0000000109821078]
Event: 55.132 Thread 0x00007fe57d025000 3100   !   3       org.apache.lucene.store.ByteBufferIndexInput::readBytes (180 bytes)
Event: 55.134 Thread 0x00007fe57d025000 nmethod 3100 0x0000000109821150 code [0x0000000109821460, 0x0000000109822e98]
Event: 55.134 Thread 0x00007fe57d025000 3101       3       java.lang.Class::arrayContentsEq (70 bytes)
Event: 55.134 Thread 0x00007fe57d025000 nmethod 3101 0x0000000109823ad0 code [0x0000000109823c60, 0x00000001098240b0]

GC Heap History (10 events):
Event: 6.326 GC heap before
{Heap before GC invocations=14 (full 1):
 PSYoungGen      total 317952K, used 317779K [0x00000007aab00000, 0x00000007bfe80000, 0x00000007c0000000)
  eden space 299008K, 100% used [0x00000007aab00000,0x00000007bcf00000,0x00000007bcf00000)
  from space 18944K, 99% used [0x00000007bec00000,0x00000007bfe54c88,0x00000007bfe80000)
  to   space 23040K, 0% used [0x00000007bd180000,0x00000007bd180000,0x00000007be800000)
 ParOldGen       total 74240K, used 51784K [0x0000000780000000, 0x0000000784880000, 0x00000007aab00000)
  object space 74240K, 69% used [0x0000000780000000,0x0000000783292318,0x0000000784880000)
 Metaspace       used 6293K, capacity 6428K, committed 6656K, reserved 1056768K
  class space    used 626K, capacity 666K, committed 768K, reserved 1048576K
Event: 6.374 GC heap after
Heap after GC invocations=14 (full 1):
 PSYoungGen      total 324608K, used 23011K [0x00000007aab00000, 0x00000007c0000000, 0x00000007c0000000)
  eden space 301568K, 0% used [0x00000007aab00000,0x00000007aab00000,0x00000007bd180000)
  from space 23040K, 99% used [0x00000007bd180000,0x00000007be7f8c50,0x00000007be800000)
  to   space 24576K, 0% used [0x00000007be800000,0x00000007be800000,0x00000007c0000000)
 ParOldGen       total 74240K, used 70890K [0x0000000780000000, 0x0000000784880000, 0x00000007aab00000)
  object space 74240K, 95% used [0x0000000780000000,0x000000078453a958,0x0000000784880000)
 Metaspace       used 6293K, capacity 6428K, committed 6656K, reserved 1056768K
  class space    used 626K, capacity 666K, committed 768K, reserved 1048576K
}
Event: 6.374 GC heap before
{Heap before GC invocations=15 (full 2):
 PSYoungGen      total 324608K, used 23011K [0x00000007aab00000, 0x00000007c0000000, 0x00000007c0000000)
  eden space 301568K, 0% used [0x00000007aab00000,0x00000007aab00000,0x00000007bd180000)
  from space 23040K, 99% used [0x00000007bd180000,0x00000007be7f8c50,0x00000007be800000)
  to   space 24576K, 0% used [0x00000007be800000,0x00000007be800000,0x00000007c0000000)
 ParOldGen       total 74240K, used 70890K [0x0000000780000000, 0x0000000784880000, 0x00000007aab00000)
  object space 74240K, 95% used [0x0000000780000000,0x000000078453a958,0x0000000784880000)
 Metaspace       used 6293K, capacity 6428K, committed 6656K, reserved 1056768K
  class space    used 626K, capacity 666K, committed 768K, reserved 1048576K
Event: 6.430 GC heap after
Heap after GC invocations=15 (full 2):
 PSYoungGen      total 324608K, used 16995K [0x00000007aab00000, 0x00000007c0000000, 0x00000007c0000000)
  eden space 301568K, 0% used [0x00000007aab00000,0x00000007aab00000,0x00000007bd180000)
  from space 23040K, 73% used [0x00000007bd180000,0x00000007be218d80,0x00000007be800000)
  to   space 24576K, 0% used [0x00000007be800000,0x00000007be800000,0x00000007c0000000)
 ParOldGen       total 116736K, used 73859K [0x0000000780000000, 0x0000000787200000, 0x00000007aab00000)
  object space 116736K, 63% used [0x0000000780000000,0x0000000784820dc8,0x0000000787200000)
 Metaspace       used 6293K, capacity 6428K, committed 6656K, reserved 1056768K
  class space    used 626K, capacity 666K, committed 768K, reserved 1048576K
}
Event: 7.854 GC heap before
{Heap before GC invocations=16 (full 2):
 PSYoungGen      total 324608K, used 318563K [0x00000007aab00000, 0x00000007c0000000, 0x00000007c0000000)
  eden space 301568K, 100% used [0x00000007aab00000,0x00000007bd180000,0x00000007bd180000)
  from space 23040K, 73% used [0x00000007bd180000,0x00000007be218d80,0x00000007be800000)
  to   space 24576K, 0% used [0x00000007be800000,0x00000007be800000,0x00000007c0000000)
 ParOldGen       total 116736K, used 73859K [0x0000000780000000, 0x0000000787200000, 0x00000007aab00000)
  object space 116736K, 63% used [0x0000000780000000,0x0000000784820dc8,0x0000000787200000)
 Metaspace       used 6294K, capacity 6428K, committed 6656K, reserved 1056768K
  class space    used 626K, capacity 666K, committed 768K, reserved 1048576K
Event: 7.885 GC heap after
Heap after GC invocations=16 (full 2):
 PSYoungGen      total 287744K, used 24570K [0x00000007aab00000, 0x00000007c0000000, 0x00000007c0000000)
  eden space 263168K, 0% used [0x00000007aab00000,0x00000007aab00000,0x00000007bac00000)
  from space 24576K, 99% used [0x00000007be800000,0x00000007bfffe938,0x00000007c0000000)
  to   space 43008K, 0% used [0x00000007bac00000,0x00000007bac00000,0x00000007bd600000)
 ParOldGen       total 116736K, used 93186K [0x0000000780000000, 0x0000000787200000, 0x00000007aab00000)
  object space 116736K, 79% used [0x0000000780000000,0x0000000785b009f8,0x0000000787200000)
 Metaspace       used 6294K, capacity 6428K, committed 6656K, reserved 1056768K
  class space    used 626K, capacity 666K, committed 768K, reserved 1048576K
}
Event: 8.879 GC heap before
{Heap before GC invocations=17 (full 2):
 PSYoungGen      total 287744K, used 287738K [0x00000007aab00000, 0x00000007c0000000, 0x00000007c0000000)
  eden space 263168K, 100% used [0x00000007aab00000,0x00000007bac00000,0x00000007bac00000)
  from space 24576K, 99% used [0x00000007be800000,0x00000007bfffe938,0x00000007c0000000)
  to   space 43008K, 0% used [0x00000007bac00000,0x00000007bac00000,0x00000007bd600000)
 ParOldGen       total 116736K, used 93186K [0x0000000780000000, 0x0000000787200000, 0x00000007aab00000)
  object space 116736K, 79% used [0x0000000780000000,0x0000000785b009f8,0x0000000787200000)
 Metaspace       used 6297K, capacity 6428K, committed 6656K, reserved 1056768K
  class space    used 627K, capacity 666K, committed 768K, reserved 1048576K
Event: 8.906 GC heap after
Heap after GC invocations=17 (full 2):
 PSYoungGen      total 306176K, used 22764K [0x00000007aab00000, 0x00000007c0000000, 0x00000007c0000000)
  eden space 263168K, 0% used [0x00000007aab00000,0x00000007aab00000,0x00000007bac00000)
  from space 43008K, 52% used [0x00000007bac00000,0x00000007bc23b008,0x00000007bd600000)
  to   space 42496K, 0% used [0x00000007bd680000,0x00000007bd680000,0x00000007c0000000)
 ParOldGen       total 116736K, used 114926K [0x0000000780000000, 0x0000000787200000, 0x00000007aab00000)
  object space 116736K, 98% used [0x0000000780000000,0x000000078703b8e0,0x0000000787200000)
 Metaspace       used 6297K, capacity 6428K, committed 6656K, reserved 1056768K
  class space    used 627K, capacity 666K, committed 768K, reserved 1048576K
}
Event: 8.906 GC heap before
{Heap before GC invocations=18 (full 3):
 PSYoungGen      total 306176K, used 22764K [0x00000007aab00000, 0x00000007c0000000, 0x00000007c0000000)
  eden space 263168K, 0% used [0x00000007aab00000,0x00000007aab00000,0x00000007bac00000)
  from space 43008K, 52% used [0x00000007bac00000,0x00000007bc23b008,0x00000007bd600000)
  to   space 42496K, 0% used [0x00000007bd680000,0x00000007bd680000,0x00000007c0000000)
 ParOldGen       total 116736K, used 114926K [0x0000000780000000, 0x0000000787200000, 0x00000007aab00000)
  object space 116736K, 98% used [0x0000000780000000,0x000000078703b8e0,0x0000000787200000)
 Metaspace       used 6297K, capacity 6428K, committed 6656K, reserved 1056768K
  class space    used 627K, capacity 666K, committed 768K, reserved 1048576K
Event: 8.962 GC heap after
Heap after GC invocations=18 (full 3):
 PSYoungGen      total 306176K, used 17073K [0x00000007aab00000, 0x00000007c0000000, 0x00000007c0000000)
  eden space 263168K, 0% used [0x00000007aab00000,0x00000007aab00000,0x00000007bac00000)
  from space 43008K, 39% used [0x00000007bac00000,0x00000007bbcac438,0x00000007bd600000)
  to   space 42496K, 0% used [0x00000007bd680000,0x00000007bd680000,0x00000007c0000000)
 ParOldGen       total 174592K, used 116723K [0x0000000780000000, 0x000000078aa80000, 0x00000007aab00000)
  object space 174592K, 66% used [0x0000000780000000,0x00000007871fcdb0,0x000000078aa80000)
 Metaspace       used 6297K, capacity 6428K, committed 6656K, reserved 1056768K
  class space    used 627K, capacity 666K, committed 768K, reserved 1048576K
}

Deoptimization events (10 events):
Event: 54.821 Thread 0x00007fe57c58e000 Uncommon trap: reason=unstable_if action=reinterpret pc=0x0000000109589c04 method=java.net.URLClassLoader$3$1.run()Ljava/net/URL; @ 12
Event: 54.821 Thread 0x00007fe57c58e000 Uncommon trap: reason=unstable_if action=reinterpret pc=0x00000001095844c8 method=java.net.URLClassLoader$3.next()Z @ 32
Event: 54.821 Thread 0x00007fe57c58e000 Uncommon trap: reason=unstable_if action=reinterpret pc=0x000000010958c130 method=sun.misc.CompoundEnumeration.next()Z @ 38
Event: 54.870 Thread 0x00007fe57c58e000 Uncommon trap: reason=unstable_if action=reinterpret pc=0x00000001095f38c0 method=java.util.regex.Matcher.reset()Ljava/util/regex/Matcher; @ 47
Event: 54.870 Thread 0x00007fe57c58e000 Uncommon trap: reason=unstable_if action=reinterpret pc=0x00000001093cc680 method=java.util.regex.Matcher.reset()Ljava/util/regex/Matcher; @ 47
Event: 54.870 Thread 0x00007fe57c58e000 Uncommon trap: reason=unstable_if action=reinterpret pc=0x00000001095e2938 method=java.util.regex.Pattern$LastNode.match(Ljava/util/regex/Matcher;ILjava/lang/CharSequence;)Z @ 5
Event: 55.042 Thread 0x00007fe57c58e000 Uncommon trap: reason=speculate_class_check action=maybe_recompile pc=0x00000001096bc99c method=java.util.HashMap.putVal(ILjava/lang/Object;Ljava/lang/Object;ZZ)Ljava/lang/Object; @ 56
Event: 55.042 Thread 0x00007fe57c58e000 Uncommon trap: reason=speculate_class_check action=maybe_recompile pc=0x00000001096bc99c method=java.util.HashMap.putVal(ILjava/lang/Object;Ljava/lang/Object;ZZ)Ljava/lang/Object; @ 56
Event: 55.042 Thread 0x00007fe57c58e000 Uncommon trap: reason=class_check action=maybe_recompile pc=0x000000010980b814 method=java.util.HashMap.putVal(ILjava/lang/Object;Ljava/lang/Object;ZZ)Ljava/lang/Object; @ 253
Event: 55.042 Thread 0x00007fe57c58e000 Uncommon trap: reason=class_check action=maybe_recompile pc=0x000000010980b814 method=java.util.HashMap.putVal(ILjava/lang/Object;Ljava/lang/Object;ZZ)Ljava/lang/Object; @ 253

Internal exceptions (10 events):
Event: 10.516 Thread 0x00007fe57c58e000 Implicit null exception at 0x00000001095f9cb5 to 0x00000001095fa16d
Event: 10.516 Thread 0x00007fe57c58e000 Implicit null exception at 0x000000010909505a to 0x00000001090958c1
Event: 10.520 Thread 0x00007fe57c58e000 Implicit null exception at 0x00000001090945ef to 0x000000010909468d
Event: 50.363 Thread 0x00007fe57c58e000 Implicit null exception at 0x00000001091d1c31 to 0x00000001091d2271
Event: 50.363 Thread 0x00007fe57c58e000 Implicit null exception at 0x000000010968dfcc to 0x000000010968e169
Event: 50.369 Thread 0x00007fe57c58e000 Implicit null exception at 0x00000001091eba8a to 0x00000001091ebb6d
Event: 50.491 Thread 0x00007fe57c58e000 Implicit null exception at 0x00000001091e40e0 to 0x00000001091e41ba
Event: 54.769 Thread 0x00007fe57c58e000 Implicit null exception at 0x0000000109597fba to 0x00000001095988e1
Event: 54.769 Thread 0x00007fe57c58e000 Implicit null exception at 0x000000010957e32a to 0x000000010957e439
Event: 55.157 Thread 0x00007fe57c58e000 Implicit null exception at 0x000000010981f83f to 0x0000000000000000

Events (10 events):
Event: 55.063 loading class org/apache/lucene/search/TermStatistics
Event: 55.063 loading class org/apache/lucene/search/TermStatistics done
Event: 55.063 loading class org/apache/lucene/search/Explanation
Event: 55.063 loading class org/apache/lucene/search/Explanation done
Event: 55.063 loading class org/apache/lucene/search/TopScoreDocCollector$SimpleTopScoreDocCollector$1
Event: 55.063 loading class org/apache/lucene/search/TopScoreDocCollector$SimpleTopScoreDocCollector$1 done
Event: 55.064 loading class org/apache/lucene/search/TopScoreDocCollector$ScorerLeafCollector
Event: 55.064 loading class org/apache/lucene/search/TopScoreDocCollector$ScorerLeafCollector done
Event: 55.064 loading class java/util/Collections$1
Event: 55.064 loading class java/util/Collections$1 done


Dynamic libraries:
0x000000000ab31000 	/System/Library/Frameworks/Cocoa.framework/Versions/A/Cocoa
0x000000000ab31000 	/System/Library/Frameworks/Security.framework/Versions/A/Security
0x000000000ab31000 	/System/Library/Frameworks/ApplicationServices.framework/Versions/A/ApplicationServices
0x000000000ab31000 	/usr/lib/libz.1.dylib
0x000000000ab31000 	/usr/lib/libSystem.B.dylib
0x000000000ab31000 	/usr/lib/libobjc.A.dylib
0x000000000ab31000 	/System/Library/Frameworks/CoreFoundation.framework/Versions/A/CoreFoundation
0x000000000ab31000 	/System/Library/Frameworks/Foundation.framework/Versions/C/Foundation
0x000000000ab31000 	/System/Library/Frameworks/AppKit.framework/Versions/C/AppKit
0x000000000ab31000 	/System/Library/Frameworks/CoreData.framework/Versions/A/CoreData
0x000000000ab31000 	/System/Library/PrivateFrameworks/RemoteViewServices.framework/Versions/A/RemoteViewServices
0x000000000ab31000 	/System/Library/PrivateFrameworks/UIFoundation.framework/Versions/A/UIFoundation
0x000000000ab31000 	/usr/lib/libScreenReader.dylib
0x000000000ab31000 	/System/Library/Frameworks/Accelerate.framework/Versions/A/Accelerate
0x000000000ab31000 	/System/Library/Frameworks/IOSurface.framework/Versions/A/IOSurface
0x000000000ab31000 	/System/Library/Frameworks/AudioToolbox.framework/Versions/A/AudioToolbox
0x000000000ab31000 	/System/Library/Frameworks/AudioUnit.framework/Versions/A/AudioUnit
0x000000000ab31000 	/System/Library/PrivateFrameworks/DataDetectorsCore.framework/Versions/A/DataDetectorsCore
0x000000000ab31000 	/System/Library/PrivateFrameworks/DesktopServicesPriv.framework/Versions/A/DesktopServicesPriv
0x000000000ab31000 	/System/Library/Frameworks/Carbon.framework/Versions/A/Frameworks/HIToolbox.framework/Versions/A/HIToolbox
0x000000000ab31000 	/System/Library/Frameworks/QuartzCore.framework/Versions/A/QuartzCore
0x000000000ab31000 	/System/Library/Frameworks/Carbon.framework/Versions/A/Frameworks/SpeechRecognition.framework/Versions/A/SpeechRecognition
0x000000000ab31000 	/usr/lib/libauto.dylib
0x000000000ab31000 	/usr/lib/libicucore.A.dylib
0x000000000ab31000 	/usr/lib/libxml2.2.dylib
0x000000000ab31000 	/System/Library/PrivateFrameworks/CoreUI.framework/Versions/A/CoreUI
0x000000000ab31000 	/System/Library/Frameworks/CoreAudio.framework/Versions/A/CoreAudio
0x000000000ab31000 	/System/Library/Frameworks/DiskArbitration.framework/Versions/A/DiskArbitration
0x000000000ab31000 	/usr/lib/liblangid.dylib
0x000000000ab31000 	/System/Library/PrivateFrameworks/MultitouchSupport.framework/Versions/A/MultitouchSupport
0x000000000ab31000 	/System/Library/Frameworks/IOKit.framework/Versions/A/IOKit
0x000000000ab31000 	/usr/lib/libDiagnosticMessagesClient.dylib
0x000000000ab31000 	/System/Library/Frameworks/CoreServices.framework/Versions/A/CoreServices
0x000000000ab31000 	/System/Library/PrivateFrameworks/PerformanceAnalysis.framework/Versions/A/PerformanceAnalysis
0x000000000ab31000 	/System/Library/PrivateFrameworks/GenerationalStorage.framework/Versions/A/GenerationalStorage
0x000000000ab31000 	/System/Library/Frameworks/OpenGL.framework/Versions/A/OpenGL
0x000000000ab31000 	/System/Library/PrivateFrameworks/Sharing.framework/Versions/A/Sharing
0x000000000ab31000 	/System/Library/Frameworks/CoreGraphics.framework/Versions/A/CoreGraphics
0x000000000ab31000 	/System/Library/Frameworks/CoreImage.framework/Versions/A/CoreImage
0x000000000ab31000 	/System/Library/Frameworks/CoreText.framework/Versions/A/CoreText
0x000000000ab31000 	/System/Library/Frameworks/ImageIO.framework/Versions/A/ImageIO
0x000000000ab31000 	/System/Library/PrivateFrameworks/Backup.framework/Versions/A/Backup
0x000000000ab31000 	/usr/lib/libextension.dylib
0x000000000ab31000 	/usr/lib/libarchive.2.dylib
0x000000000ab31000 	/System/Library/Frameworks/CFNetwork.framework/Versions/A/CFNetwork
0x000000000ab31000 	/System/Library/Frameworks/SystemConfiguration.framework/Versions/A/SystemConfiguration
0x000000000ab31000 	/usr/lib/libCRFSuite.dylib
0x000000000ab31000 	/usr/lib/libc++.1.dylib
0x000000000ab31000 	/usr/lib/libc++abi.dylib
0x000000000ab31000 	/usr/lib/system/libcache.dylib
0x000000000ab31000 	/usr/lib/system/libcommonCrypto.dylib
0x000000000ab31000 	/usr/lib/system/libcompiler_rt.dylib
0x000000000ab31000 	/usr/lib/system/libcopyfile.dylib
0x000000000ab31000 	/usr/lib/system/libcorecrypto.dylib
0x000000000ab31000 	/usr/lib/system/libdispatch.dylib
0x000000000ab31000 	/usr/lib/system/libdyld.dylib
0x000000000ab31000 	/usr/lib/system/libkeymgr.dylib
0x000000000ab31000 	/usr/lib/system/liblaunch.dylib
0x000000000ab31000 	/usr/lib/system/libmacho.dylib
0x000000000ab31000 	/usr/lib/system/libquarantine.dylib
0x000000000ab31000 	/usr/lib/system/libremovefile.dylib
0x000000000ab31000 	/usr/lib/system/libsystem_asl.dylib
0x000000000ab31000 	/usr/lib/system/libsystem_blocks.dylib
0x000000000ab31000 	/usr/lib/system/libsystem_c.dylib
0x000000000ab31000 	/usr/lib/system/libsystem_configuration.dylib
0x000000000ab31000 	/usr/lib/system/libsystem_coreservices.dylib
0x000000000ab31000 	/usr/lib/system/libsystem_coretls.dylib
0x000000000ab31000 	/usr/lib/system/libsystem_dnssd.dylib
0x000000000ab31000 	/usr/lib/system/libsystem_info.dylib
0x000000000ab31000 	/usr/lib/system/libsystem_kernel.dylib
0x000000000ab31000 	/usr/lib/system/libsystem_m.dylib
0x000000000ab31000 	/usr/lib/system/libsystem_malloc.dylib
0x000000000ab31000 	/usr/lib/system/libsystem_network.dylib
0x000000000ab31000 	/usr/lib/system/libsystem_networkextension.dylib
0x000000000ab31000 	/usr/lib/system/libsystem_notify.dylib
0x000000000ab31000 	/usr/lib/system/libsystem_platform.dylib
0x000000000ab31000 	/usr/lib/system/libsystem_pthread.dylib
0x000000000ab31000 	/usr/lib/system/libsystem_sandbox.dylib
0x000000000ab31000 	/usr/lib/system/libsystem_secinit.dylib
0x000000000ab31000 	/usr/lib/system/libsystem_trace.dylib
0x000000000ab31000 	/usr/lib/system/libunc.dylib
0x000000000ab31000 	/usr/lib/system/libunwind.dylib
0x000000000ab31000 	/usr/lib/system/libxpc.dylib
0x000000000ab31000 	/usr/lib/libenergytrace.dylib
0x000000000ab31000 	/usr/lib/libbsm.0.dylib
0x000000000ab31000 	/usr/lib/system/libkxld.dylib
0x000000000ab31000 	/usr/lib/libxar.1.dylib
0x000000000ab31000 	/usr/lib/libsqlite3.dylib
0x000000000ab31000 	/usr/lib/libpam.2.dylib
0x000000000ab31000 	/usr/lib/libOpenScriptingUtil.dylib
0x000000000ab31000 	/usr/lib/libbz2.1.0.dylib
0x000000000ab31000 	/usr/lib/liblzma.5.dylib
0x000000000ab31000 	/System/Library/Frameworks/CoreServices.framework/Versions/A/Frameworks/FSEvents.framework/Versions/A/FSEvents
0x000000000ab31000 	/System/Library/Frameworks/CoreServices.framework/Versions/A/Frameworks/CarbonCore.framework/Versions/A/CarbonCore
0x000000000ab31000 	/System/Library/Frameworks/CoreServices.framework/Versions/A/Frameworks/Metadata.framework/Versions/A/Metadata
0x000000000ab31000 	/System/Library/Frameworks/CoreServices.framework/Versions/A/Frameworks/OSServices.framework/Versions/A/OSServices
0x000000000ab31000 	/System/Library/Frameworks/CoreServices.framework/Versions/A/Frameworks/SearchKit.framework/Versions/A/SearchKit
0x000000000ab31000 	/System/Library/Frameworks/CoreServices.framework/Versions/A/Frameworks/AE.framework/Versions/A/AE
0x000000000ab31000 	/System/Library/Frameworks/CoreServices.framework/Versions/A/Frameworks/LaunchServices.framework/Versions/A/LaunchServices
0x000000000ab31000 	/System/Library/Frameworks/CoreServices.framework/Versions/A/Frameworks/DictionaryServices.framework/Versions/A/DictionaryServices
0x000000000ab31000 	/System/Library/Frameworks/CoreServices.framework/Versions/A/Frameworks/SharedFileList.framework/Versions/A/SharedFileList
0x000000000ab31000 	/System/Library/Frameworks/NetFS.framework/Versions/A/NetFS
0x000000000ab31000 	/System/Library/PrivateFrameworks/NetAuth.framework/Versions/A/NetAuth
0x000000000ab31000 	/System/Library/PrivateFrameworks/login.framework/Versions/A/Frameworks/loginsupport.framework/Versions/A/loginsupport
0x000000000ab31000 	/System/Library/PrivateFrameworks/TCC.framework/Versions/A/TCC
0x000000000ab31000 	/usr/lib/libmecabra.dylib
0x000000000ab31000 	/System/Library/Frameworks/ApplicationServices.framework/Versions/A/Frameworks/ATS.framework/Versions/A/ATS
0x000000000ab31000 	/System/Library/Frameworks/ApplicationServices.framework/Versions/A/Frameworks/ColorSync.framework/Versions/A/ColorSync
0x000000000ab31000 	/System/Library/Frameworks/ApplicationServices.framework/Versions/A/Frameworks/HIServices.framework/Versions/A/HIServices
0x000000000ab31000 	/System/Library/Frameworks/ApplicationServices.framework/Versions/A/Frameworks/LangAnalysis.framework/Versions/A/LangAnalysis
0x000000000ab31000 	/System/Library/Frameworks/ApplicationServices.framework/Versions/A/Frameworks/PrintCore.framework/Versions/A/PrintCore
0x000000000ab31000 	/System/Library/Frameworks/ApplicationServices.framework/Versions/A/Frameworks/QD.framework/Versions/A/QD
0x000000000ab31000 	/System/Library/Frameworks/ApplicationServices.framework/Versions/A/Frameworks/SpeechSynthesis.framework/Versions/A/SpeechSynthesis
0x000000000ab31000 	/System/Library/Frameworks/Metal.framework/Versions/A/Metal
0x000000000ab31000 	/System/Library/Frameworks/Accelerate.framework/Versions/A/Frameworks/vImage.framework/Versions/A/vImage
0x000000000ab31000 	/System/Library/Frameworks/Accelerate.framework/Versions/A/Frameworks/vecLib.framework/Versions/A/vecLib
0x000000000ab31000 	/System/Library/Frameworks/Accelerate.framework/Versions/A/Frameworks/vecLib.framework/Versions/A/libvDSP.dylib
0x000000000ab31000 	/System/Library/Frameworks/Accelerate.framework/Versions/A/Frameworks/vecLib.framework/Versions/A/libvMisc.dylib
0x000000000ab31000 	/System/Library/Frameworks/Accelerate.framework/Versions/A/Frameworks/vecLib.framework/Versions/A/libLAPACK.dylib
0x000000000ab31000 	/System/Library/Frameworks/Accelerate.framework/Versions/A/Frameworks/vecLib.framework/Versions/A/libBLAS.dylib
0x000000000ab31000 	/System/Library/Frameworks/Accelerate.framework/Versions/A/Frameworks/vecLib.framework/Versions/A/libLinearAlgebra.dylib
0x000000000ab31000 	/System/Library/Frameworks/Accelerate.framework/Versions/A/Frameworks/vecLib.framework/Versions/A/libSparseBLAS.dylib
0x000000000ab31000 	/System/Library/PrivateFrameworks/GPUCompiler.framework/libmetal_timestamp.dylib
0x000000000ab31000 	/System/Library/Frameworks/OpenGL.framework/Versions/A/Libraries/libCoreFSCache.dylib
0x000000000ab31000 	/System/Library/PrivateFrameworks/IOAccelerator.framework/Versions/A/IOAccelerator
0x000000000ab31000 	/System/Library/Frameworks/ApplicationServices.framework/Versions/A/Frameworks/ATS.framework/Versions/A/Resources/libFontParser.dylib
0x000000000ab31000 	/System/Library/Frameworks/ApplicationServices.framework/Versions/A/Frameworks/ATS.framework/Versions/A/Resources/libFontRegistry.dylib
0x000000000ab31000 	/System/Library/PrivateFrameworks/AppleVPA.framework/Versions/A/AppleVPA
0x000000000ab31000 	/System/Library/PrivateFrameworks/AppleJPEG.framework/Versions/A/AppleJPEG
0x000000000ab31000 	/System/Library/Frameworks/ImageIO.framework/Versions/A/Resources/libJPEG.dylib
0x000000000ab31000 	/System/Library/Frameworks/ImageIO.framework/Versions/A/Resources/libTIFF.dylib
0x000000000ab31000 	/System/Library/Frameworks/ImageIO.framework/Versions/A/Resources/libPng.dylib
0x000000000ab31000 	/System/Library/Frameworks/ImageIO.framework/Versions/A/Resources/libGIF.dylib
0x000000000ab31000 	/System/Library/Frameworks/ImageIO.framework/Versions/A/Resources/libJP2.dylib
0x000000000ab31000 	/System/Library/Frameworks/ImageIO.framework/Versions/A/Resources/libRadiance.dylib
0x000000000ab31000 	/System/Library/Frameworks/CoreVideo.framework/Versions/A/CoreVideo
0x000000000ab31000 	/System/Library/Frameworks/OpenGL.framework/Versions/A/Libraries/libGLU.dylib
0x000000000ab31000 	/System/Library/Frameworks/OpenGL.framework/Versions/A/Libraries/libGFXShared.dylib
0x000000000ab31000 	/System/Library/Frameworks/OpenGL.framework/Versions/A/Libraries/libGL.dylib
0x000000000ab31000 	/System/Library/Frameworks/OpenGL.framework/Versions/A/Libraries/libGLImage.dylib
0x000000000ab31000 	/System/Library/Frameworks/OpenGL.framework/Versions/A/Libraries/libCVMSPluginSupport.dylib
0x000000000ab31000 	/System/Library/Frameworks/OpenGL.framework/Versions/A/Libraries/libCoreVMClient.dylib
0x000000000ab31000 	/usr/lib/libcups.2.dylib
0x000000000ab31000 	/System/Library/Frameworks/Kerberos.framework/Versions/A/Kerberos
0x000000000ab31000 	/System/Library/Frameworks/GSS.framework/Versions/A/GSS
0x000000000ab31000 	/usr/lib/libresolv.9.dylib
0x000000000ab31000 	/usr/lib/libiconv.2.dylib
0x000000000ab31000 	/System/Library/PrivateFrameworks/Heimdal.framework/Versions/A/Heimdal
0x000000000ab31000 	/usr/lib/libheimdal-asn1.dylib
0x000000000ab31000 	/System/Library/Frameworks/OpenDirectory.framework/Versions/A/OpenDirectory
0x000000000ab31000 	/System/Library/PrivateFrameworks/CommonAuth.framework/Versions/A/CommonAuth
0x000000000ab31000 	/System/Library/Frameworks/OpenDirectory.framework/Versions/A/Frameworks/CFOpenDirectory.framework/Versions/A/CFOpenDirectory
0x000000000ab31000 	/System/Library/Frameworks/SecurityFoundation.framework/Versions/A/SecurityFoundation
0x000000000ab31000 	/System/Library/PrivateFrameworks/LanguageModeling.framework/Versions/A/LanguageModeling
0x000000000ab31000 	/usr/lib/libmarisa.dylib
0x000000000ab31000 	/usr/lib/libChineseTokenizer.dylib
0x000000000ab31000 	/usr/lib/libcmph.dylib
0x000000000ab31000 	/usr/lib/libcompression.dylib
0x000000000ab31000 	/System/Library/Frameworks/ServiceManagement.framework/Versions/A/ServiceManagement
0x000000000ab31000 	/usr/lib/libxslt.1.dylib
0x000000000ab31000 	/System/Library/Frameworks/Carbon.framework/Versions/A/Frameworks/Ink.framework/Versions/A/Ink
0x000000000ab31000 	/usr/lib/libFosl_dynamic.dylib
0x000000000ab31000 	/System/Library/PrivateFrameworks/FaceCore.framework/Versions/A/FaceCore
0x000000000ab31000 	/System/Library/Frameworks/OpenCL.framework/Versions/A/OpenCL
0x000000000ab31000 	/System/Library/PrivateFrameworks/CrashReporterSupport.framework/Versions/A/CrashReporterSupport
0x000000000ab31000 	/System/Library/PrivateFrameworks/IconServices.framework/Versions/A/IconServices
0x000000000ab31000 	/System/Library/PrivateFrameworks/Apple80211.framework/Versions/A/Apple80211
0x000000000ab31000 	/System/Library/Frameworks/CoreWLAN.framework/Versions/A/CoreWLAN
0x000000000ab31000 	/System/Library/Frameworks/IOBluetooth.framework/Versions/A/IOBluetooth
0x000000000ab31000 	/System/Library/PrivateFrameworks/CoreWiFi.framework/Versions/A/CoreWiFi
0x000000000ab31000 	/System/Library/Frameworks/CoreBluetooth.framework/Versions/A/CoreBluetooth
0x000000000ab31000 	/System/Library/PrivateFrameworks/ChunkingLibrary.framework/Versions/A/ChunkingLibrary
0x000000000ab31000 	/System/Library/PrivateFrameworks/DebugSymbols.framework/Versions/A/DebugSymbols
0x000000000ab31000 	/System/Library/PrivateFrameworks/CoreSymbolication.framework/Versions/A/CoreSymbolication
0x000000000ab31000 	/System/Library/PrivateFrameworks/Symbolication.framework/Versions/A/Symbolication
0x000000000ab31000 	/System/Library/PrivateFrameworks/SpeechRecognitionCore.framework/Versions/A/SpeechRecognitionCore
0x0000000108000000 	/Library/Java/JavaVirtualMachines/jdk1.8.0_60.jdk/Contents/Home/jre/lib/server/libjvm.dylib
0x000000000ab31000 	/usr/lib/libstdc++.6.dylib
0x0000000107769000 	/Library/Java/JavaVirtualMachines/jdk1.8.0_60.jdk/Contents/Home/jre/lib/libverify.dylib
0x0000000107777000 	/Library/Java/JavaVirtualMachines/jdk1.8.0_60.jdk/Contents/Home/jre/lib/libjava.dylib
0x00000001077b6000 	/Library/Java/JavaVirtualMachines/jdk1.8.0_60.jdk/Contents/Home/jre/lib/libzip.dylib
0x000000011c346000 	/System/Library/Frameworks/JavaVM.framework/Frameworks/JavaRuntimeSupport.framework/JavaRuntimeSupport
0x000000011c361000 	/System/Library/Frameworks/JavaVM.framework/Versions/A/Frameworks/JavaNativeFoundation.framework/Versions/A/JavaNativeFoundation
0x000000011c376000 	/System/Library/Frameworks/JavaVM.framework/Versions/A/JavaVM
0x000000000ab31000 	/System/Library/Frameworks/Carbon.framework/Versions/A/Carbon
0x000000011c383000 	/System/Library/PrivateFrameworks/JavaLaunching.framework/Versions/A/JavaLaunching
0x000000000ab31000 	/System/Library/Frameworks/Carbon.framework/Versions/A/Frameworks/CommonPanels.framework/Versions/A/CommonPanels
0x000000000ab31000 	/System/Library/Frameworks/Carbon.framework/Versions/A/Frameworks/Help.framework/Versions/A/Help
0x000000000ab31000 	/System/Library/Frameworks/Carbon.framework/Versions/A/Frameworks/ImageCapture.framework/Versions/A/ImageCapture
0x000000000ab31000 	/System/Library/Frameworks/Carbon.framework/Versions/A/Frameworks/OpenScripting.framework/Versions/A/OpenScripting
0x000000000ab31000 	/System/Library/Frameworks/Carbon.framework/Versions/A/Frameworks/Print.framework/Versions/A/Print
0x000000000ab31000 	/System/Library/Frameworks/Carbon.framework/Versions/A/Frameworks/SecurityHI.framework/Versions/A/SecurityHI
0x000000011dca1000 	/Library/Java/JavaVirtualMachines/jdk1.8.0_60.jdk/Contents/Home/jre/lib/libnio.dylib
0x000000011dcb1000 	/Library/Java/JavaVirtualMachines/jdk1.8.0_60.jdk/Contents/Home/jre/lib/./libnet.dylib
0x000000011ddf1000 	/Library/Java/JavaVirtualMachines/jdk1.8.0_60.jdk/Contents/Home/jre/lib/libawt.dylib
0x000000011e0ce000 	/Library/Java/JavaVirtualMachines/jdk1.8.0_60.jdk/Contents/Home/jre/lib/./libmlib_image.dylib
0x000000011e488000 	/Library/Java/JavaVirtualMachines/jdk1.8.0_60.jdk/Contents/Home/jre/lib/libawt_lwawt.dylib
0x000000011dd8c000 	/Library/Java/JavaVirtualMachines/jdk1.8.0_60.jdk/Contents/Home/jre/lib/./libosxapp.dylib
0x000000000ab31000 	/System/Library/Frameworks/ExceptionHandling.framework/Versions/A/ExceptionHandling
0x000000000ab31000 	/System/Library/PrivateFrameworks/CoreServicesInternal.framework/Versions/A/CoreServicesInternal
0x000000000ab31000 	/System/Library/Frameworks/CoreGraphics.framework/Versions/A/Resources/libRIP.A.dylib
0x000000000ab31000 	/System/Library/Frameworks/Accelerate.framework/Versions/A/Frameworks/vImage.framework/Versions/A/Libraries/libCGInterfaces.dylib
0x000000000ab31000 	/System/Library/Frameworks/CoreGraphics.framework/Versions/A/Resources/libCGXType.A.dylib
0x000000000ab31000 	/System/Library/Frameworks/OpenCL.framework/Versions/A/Libraries/libcldcpuengine.dylib
0x000000000ab31000 	/System/Library/PrivateFrameworks/DiskImages.framework/Versions/A/DiskImages
0x000000000ab31000 	/System/Library/Frameworks/DiscRecording.framework/Versions/A/DiscRecording
0x000000000ab31000 	/usr/lib/libcsfde.dylib
0x000000000ab31000 	/usr/lib/libcurl.4.dylib
0x000000000ab31000 	/System/Library/PrivateFrameworks/MediaKit.framework/Versions/A/MediaKit
0x000000000ab31000 	/System/Library/PrivateFrameworks/ProtectedCloudStorage.framework/Versions/A/ProtectedCloudStorage
0x000000000ab31000 	/usr/lib/libCoreStorage.dylib
0x000000000ab31000 	/System/Library/PrivateFrameworks/EFILogin.framework/Versions/A/EFILogin
0x000000000ab31000 	/usr/lib/libutil.dylib
0x000000000ab31000 	/System/Library/PrivateFrameworks/FindMyDevice.framework/Versions/A/FindMyDevice
0x000000000ab31000 	/System/Library/Frameworks/LDAP.framework/Versions/A/LDAP
0x000000000ab31000 	/usr/lib/libsasl2.2.dylib
0x000000000ab31000 	/System/Library/PrivateFrameworks/CoreDaemon.framework/Versions/B/CoreDaemon
0x000000000ab31000 	/usr/lib/libcrypto.0.9.8.dylib
0x000000000ab31000 	/System/Library/PrivateFrameworks/AppleSRP.framework/Versions/A/AppleSRP
0x000000000ab31000 	/System/Library/PrivateFrameworks/TrustEvaluationAgent.framework/Versions/A/TrustEvaluationAgent
0x000000011dfd6000 	cl_kernels
0x000000000ab31000 	/System/Library/Frameworks/OpenCL.framework/Versions/A/Libraries/ImageFormats/unorm8_bgra.dylib
0x000000000ab31000 	/System/Library/Frameworks/OpenCL.framework/Versions/A/Libraries/ImageFormats/unorm8_rgba.dylib
0x000000000ab31000 	/System/Library/PrivateFrameworks/FamilyControls.framework/Versions/A/FamilyControls
0x000000000ab31000 	/System/Library/PrivateFrameworks/CommerceKit.framework/Versions/A/Frameworks/CommerceCore.framework/Versions/A/CommerceCore
0x000000000ab31000 	/System/Library/PrivateFrameworks/SystemAdministration.framework/Versions/A/SystemAdministration
0x000000000ab31000 	/System/Library/PrivateFrameworks/AppContainer.framework/Versions/A/AppContainer
0x000000000ab31000 	/System/Library/PrivateFrameworks/SecCodeWrapper.framework/Versions/A/SecCodeWrapper
0x000000000ab31000 	/System/Library/Frameworks/DirectoryService.framework/Versions/A/DirectoryService
0x000000000ab31000 	/System/Library/PrivateFrameworks/LoginUIKit.framework/Versions/A/Frameworks/LoginUICore.framework/Versions/A/LoginUICore
0x000000000ab31000 	/usr/lib/libodfde.dylib
0x000000011e5c3000 	/Library/Java/JavaVirtualMachines/jdk1.8.0_60.jdk/Contents/Home/jre/lib/libfontmanager.dylib
0x000000000ab31000 	/System/Library/Frameworks/OpenGL.framework/Versions/A/Resources/GLEngine.bundle/GLEngine
0x000000000ab31000 	/System/Library/Frameworks/OpenGL.framework/Versions/A/Libraries/libGLProgrammability.dylib
0x0000000120f91000 	/System/Library/Extensions/AppleIntelHD4000GraphicsGLDriver.bundle/Contents/MacOS/AppleIntelHD4000GraphicsGLDriver
0x000000000ab31000 	/System/Library/PrivateFrameworks/GPUSupport.framework/Versions/A/Libraries/libGPUSupportMercury.dylib
0x000000000ab31000 	/System/Library/Frameworks/OpenGL.framework/Versions/A/Resources/GLRendererFloat.bundle/GLRendererFloat
0x000000011e574000 	/Library/Java/JavaVirtualMachines/jdk1.8.0_60.jdk/Contents/Home/jre/lib/libosxui.dylib
0x0000000123f03000 	/System/Library/Extensions/AppleIntelHD4000GraphicsMTLDriver.bundle/Contents/MacOS/AppleIntelHD4000GraphicsMTLDriver
0x000000000ab31000 	/System/Library/Frameworks/ApplicationServices.framework/Versions/A/Frameworks/ATS.framework/Versions/A/Resources/libTrueTypeScaler.dylib
0x000000011df38000 	/Library/Java/JavaVirtualMachines/jdk1.8.0_60.jdk/Contents/Home/jre/lib/libmanagement.dylib

VM Arguments:
jvm_args: -Dfile.encoding=UTF-8 
java_command: main.Main
java_class_path (initial): /Users/Aidan/lucene_indexing/bin:/Users/Aidan/lucene_indexing/lib/lucene-analyzers-common-5.3.1.jar:/Users/Aidan/lucene_indexing/lib/lucene-core-5.3.1.jar:/Users/Aidan/lucene_indexing/lib/lucene-demo-5.3.1.jar:/Users/Aidan/lucene_indexing/lib/lucene-queryparser-5.3.1.jar
Launcher Type: SUN_STANDARD

Environment Variables:
PATH=/usr/bin:/bin:/usr/sbin:/sbin
SHELL=/bin/bash

Signal Handlers:
SIGSEGV: [libjvm.dylib+0x5a6d31], sa_mask[0]=11111111011111110111111111111111, sa_flags=SA_ONSTACK|SA_RESTART|SA_SIGINFO
SIGBUS: [libjvm.dylib+0x5a6d31], sa_mask[0]=11111111011111110111111111111111, sa_flags=SA_RESTART|SA_SIGINFO
SIGFPE: [libjvm.dylib+0x480a4c], sa_mask[0]=11111111011111110111111111111111, sa_flags=SA_RESTART|SA_SIGINFO
SIGPIPE: [libjvm.dylib+0x480a4c], sa_mask[0]=11111111011111110111111111111111, sa_flags=SA_RESTART|SA_SIGINFO
SIGXFSZ: [libjvm.dylib+0x480a4c], sa_mask[0]=11111111011111110111111111111111, sa_flags=SA_RESTART|SA_SIGINFO
SIGILL: [libjvm.dylib+0x480a4c], sa_mask[0]=11111111011111110111111111111111, sa_flags=SA_RESTART|SA_SIGINFO
SIGUSR1: SIG_DFL, sa_mask[0]=00000000000000000000000000000000, sa_flags=none
SIGUSR2: [libjvm.dylib+0x48056a], sa_mask[0]=00100000000000000000000000000000, sa_flags=SA_RESTART|SA_SIGINFO
SIGHUP: [libjvm.dylib+0x47eb41], sa_mask[0]=11111111011111110111111111111111, sa_flags=SA_RESTART|SA_SIGINFO
SIGINT: [libjvm.dylib+0x47eb41], sa_mask[0]=11111111011111110111111111111111, sa_flags=SA_RESTART|SA_SIGINFO
SIGTERM: [libjvm.dylib+0x47eb41], sa_mask[0]=11111111011111110111111111111111, sa_flags=SA_RESTART|SA_SIGINFO
SIGQUIT: [libjvm.dylib+0x47eb41], sa_mask[0]=11111111011111110111111111111111, sa_flags=SA_RESTART|SA_SIGINFO


---------------  S Y S T E M  ---------------

OS:Bsduname:Darwin 15.0.0 Darwin Kernel Version 15.0.0: Wed Aug 26 16:57:32 PDT 2015; root:xnu-3247.1.106~1/RELEASE_X86_64 x86_64
rlimit: STACK 8192k, CORE 0k, NPROC 709, NOFILE 10240, AS infinity
load average:1.38 1.45 1.48

CPU:total 4 (2 cores per cpu, 2 threads per core) family 6 model 58 stepping 9, cmov, cx8, fxsr, mmx, sse, sse2, sse3, ssse3, sse4.1, sse4.2, popcnt, avx, aes, clmul, erms, ht, tsc, tscinvbit, tscinv

Memory: 4k page, physical 4194304k(15136k free)

/proc/meminfo:


vm_info: Java HotSpot(TM) 64-Bit Server VM (25.60-b23) for bsd-amd64 JRE (1.8.0_60-b27), built on Aug  4 2015 10:47:24 by "java_re" with gcc 4.2.1 (Based on Apple Inc. build 5658) (LLVM build 2336.11.00)

time: Fri Dec 18 16:25:17 2015
elapsed time: 55 seconds (0d 0h 0m 55s)

